<?xml version="1.0" encoding="UTF-8"?>
<robot generator="Robot 3.2.1 (Python 3.8.1 on win32)" generated="20200511 15:56:35.920" rpa="false">
<suite id="s1" name="LoginTest" source="E:\OnlyForPython\SELENIUM\RobotFramework\PageObjectModelRobotFramework\test_case\LoginTest.robot">
<test id="s1-t1" name="Sentrifugo Login Test">
<kw name="Setup" library="Login">
<arguments>
<arg>${url}</arg>
<arg>${browser}</arg>
</arguments>
<kw name="Open Browser" library="SeleniumLibrary">
<doc>Opens a new browser instance to the optional ``url``.</doc>
<arguments>
<arg>${app_url}</arg>
<arg>${app_browser}</arg>
</arguments>
<msg timestamp="20200511 15:56:36.391" level="INFO">Opening browser 'chrome' to base url 'http://demo.sentrifugo.com/index.php/'.</msg>
<status status="PASS" starttime="20200511 15:56:36.390" endtime="20200511 15:56:43.899"></status>
</kw>
<kw name="Maximize Browser Window" library="SeleniumLibrary">
<doc>Maximizes current browser window.</doc>
<status status="PASS" starttime="20200511 15:56:43.900" endtime="20200511 15:56:46.164"></status>
</kw>
<status status="PASS" starttime="20200511 15:56:36.389" endtime="20200511 15:56:46.165"></status>
</kw>
<kw name="Input UserName" library="Login">
<arguments>
<arg>${username}</arg>
</arguments>
<kw name="Clear Element Text" library="SeleniumLibrary">
<doc>Clears the value of the text-input-element identified by ``locator``.</doc>
<arguments>
<arg>${input_text_username}</arg>
</arguments>
<status status="PASS" starttime="20200511 15:56:46.167" endtime="20200511 15:56:46.345"></status>
</kw>
<kw name="Input Text" library="SeleniumLibrary">
<doc>Types the given ``text`` into the text field identified by ``locator``.</doc>
<arguments>
<arg>${input_text_username}</arg>
<arg>${username}</arg>
</arguments>
<msg timestamp="20200511 15:56:46.346" level="INFO">Typing text 'em01' into text field 'id:username'.</msg>
<status status="PASS" starttime="20200511 15:56:46.346" endtime="20200511 15:56:46.516"></status>
</kw>
<status status="PASS" starttime="20200511 15:56:46.165" endtime="20200511 15:56:46.518"></status>
</kw>
<kw name="Input Password" library="Login">
<arguments>
<arg>${password}</arg>
</arguments>
<kw name="Clear Element Text" library="SeleniumLibrary">
<doc>Clears the value of the text-input-element identified by ``locator``.</doc>
<arguments>
<arg>${input_text_password}</arg>
</arguments>
<status status="PASS" starttime="20200511 15:56:46.519" endtime="20200511 15:56:46.621"></status>
</kw>
<kw name="Input Text" library="SeleniumLibrary">
<doc>Types the given ``text`` into the text field identified by ``locator``.</doc>
<arguments>
<arg>${input_text_password}</arg>
<arg>${password}</arg>
</arguments>
<msg timestamp="20200511 15:56:46.621" level="INFO">Typing text 'sentrifugo' into text field 'id:password'.</msg>
<status status="PASS" starttime="20200511 15:56:46.621" endtime="20200511 15:56:46.802"></status>
</kw>
<status status="PASS" starttime="20200511 15:56:46.518" endtime="20200511 15:56:46.803"></status>
</kw>
<kw name="Click To Login Button" library="Login">
<kw name="Click Element" library="SeleniumLibrary">
<doc>Click the element identified by ``locator``.</doc>
<arguments>
<arg>${login_button}</arg>
</arguments>
<msg timestamp="20200511 15:56:46.804" level="INFO">Clicking element 'id:loginsubmit'.</msg>
<status status="PASS" starttime="20200511 15:56:46.804" endtime="20200511 15:56:54.632"></status>
</kw>
<status status="PASS" starttime="20200511 15:56:46.803" endtime="20200511 15:56:54.632"></status>
</kw>
<kw name="Sleep" library="BuiltIn">
<doc>Pauses the test executed for the given time.</doc>
<arguments>
<arg>5</arg>
</arguments>
<msg timestamp="20200511 15:56:59.633" level="INFO">Slept 5 seconds</msg>
<status status="PASS" starttime="20200511 15:56:54.632" endtime="20200511 15:56:59.633"></status>
</kw>
<kw name="Click To Logout Button" library="Login">
<kw name="Click Element" library="SeleniumLibrary">
<doc>Click the element identified by ``locator``.</doc>
<arguments>
<arg>${user_logout_profile}</arg>
</arguments>
<msg timestamp="20200511 15:56:59.635" level="INFO">Clicking element 'xpath://*[@id='prof_name']'.</msg>
<status status="PASS" starttime="20200511 15:56:59.634" endtime="20200511 15:56:59.727"></status>
</kw>
<kw name="Click Element" library="SeleniumLibrary">
<doc>Click the element identified by ``locator``.</doc>
<arguments>
<arg>${logout_button}</arg>
</arguments>
<msg timestamp="20200511 15:56:59.728" level="INFO">Clicking element 'link:Logout'.</msg>
<status status="PASS" starttime="20200511 15:56:59.727" endtime="20200511 15:57:01.341"></status>
</kw>
<status status="PASS" starttime="20200511 15:56:59.633" endtime="20200511 15:57:01.341"></status>
</kw>
<kw name="Closer" library="Login">
<kw name="Close Browser" library="SeleniumLibrary">
<doc>Closes the current browser.</doc>
<status status="PASS" starttime="20200511 15:57:01.342" endtime="20200511 15:57:03.858"></status>
</kw>
<kw name="Close All Browsers" library="SeleniumLibrary">
<doc>Closes all open browsers and resets the browser cache.</doc>
<status status="PASS" starttime="20200511 15:57:03.858" endtime="20200511 15:57:03.859"></status>
</kw>
<status status="PASS" starttime="20200511 15:57:01.342" endtime="20200511 15:57:03.859"></status>
</kw>
<status status="PASS" starttime="20200511 15:56:36.387" endtime="20200511 15:57:03.860" critical="yes"></status>
</test>
<status status="PASS" starttime="20200511 15:56:35.924" endtime="20200511 15:57:03.861"></status>
</suite>
<statistics>
<total>
<stat pass="1" fail="0">Critical Tests</stat>
<stat pass="1" fail="0">All Tests</stat>
</total>
<tag>
</tag>
<suite>
<stat pass="1" fail="0" id="s1" name="LoginTest">LoginTest</stat>
</suite>
</statistics>
<errors>
<msg timestamp="20200511 15:56:36.001" level="ERROR">Error in file 'E:\OnlyForPython\SELENIUM\RobotFramework\PageObjectModelRobotFramework\test_case\LoginTest.robot' on line 2: Importing test library 'SelebiumLibrary' failed: ModuleNotFoundError: No module named 'SelebiumLibrary'
Traceback (most recent call last):
  None
PYTHONPATH:
  E:\OnlyForPython\SELENIUM\RobotFramework\robot-framework-example\venv\Scripts\robot.exe
  C:\Users\rahul\AppData\Local\Programs\Python\Python38\python38.zip
  C:\Users\rahul\AppData\Local\Programs\Python\Python38\DLLs
  C:\Users\rahul\AppData\Local\Programs\Python\Python38\lib
  C:\Users\rahul\AppData\Local\Programs\Python\Python38
  e:\onlyforpython\selenium\robotframework\robot-framework-example\venv
  e:\onlyforpython\selenium\robotframework\robot-framework-example\venv\lib\site-packages
  e:\onlyforpython\selenium\robotframework\robot-framework-example\venv\lib\site-packages\setuptools-40.8.0-py3.8.egg
  e:\onlyforpython\selenium\robotframework\robot-framework-example\venv\lib\site-packages\pip-19.0.3-py3.8.egg</msg>
</errors>
</robot>
